Error before Pig is launched
----------------------------
ERROR 2997: Encountered IOException. /home/hduser/Pig/Word_Count (Is a directory)

java.io.FileNotFoundException: /home/hduser/Pig/Word_Count (Is a directory)
	at java.io.FileInputStream.open0(Native Method)
	at java.io.FileInputStream.open(FileInputStream.java:195)
	at java.io.FileInputStream.<init>(FileInputStream.java:138)
	at java.io.FileInputStream.<init>(FileInputStream.java:93)
	at java.io.FileReader.<init>(FileReader.java:58)
	at org.apache.pig.scripting.ScriptEngine.getSupportedScriptLang(ScriptEngine.java:194)
	at org.apache.pig.Main.determineScriptType(Main.java:1088)
	at org.apache.pig.Main.run(Main.java:582)
	at org.apache.pig.Main.main(Main.java:175)
	at sun.reflect.NativeMethodAccessorImpl.invoke0(Native Method)
	at sun.reflect.NativeMethodAccessorImpl.invoke(NativeMethodAccessorImpl.java:62)
	at sun.reflect.DelegatingMethodAccessorImpl.invoke(DelegatingMethodAccessorImpl.java:43)
	at java.lang.reflect.Method.invoke(Method.java:498)
	at org.apache.hadoop.util.RunJar.run(RunJar.java:323)
	at org.apache.hadoop.util.RunJar.main(RunJar.java:236)
================================================================================
