Pig Stack Trace
---------------
ERROR 2997: Encountered IOException. org.apache.pig.tools.parameters.ParameterSubstitutionException: Undefined parameter : OUTPUT

java.io.IOException: org.apache.pig.tools.parameters.ParameterSubstitutionException: Undefined parameter : OUTPUT
	at org.apache.pig.impl.PigContext.doParamSubstitution(PigContext.java:413)
	at org.apache.pig.tools.grunt.GruntParser.parameterSubstitutionInGrunt(GruntParser.java:1335)
	at org.apache.pig.tools.grunt.GruntParser.processPig(GruntParser.java:1101)
	at org.apache.pig.tools.pigscript.parser.PigScriptParser.parse(PigScriptParser.java:512)
	at org.apache.pig.tools.grunt.GruntParser.parseStopOnError(GruntParser.java:230)
	at org.apache.pig.tools.grunt.GruntParser.parseStopOnError(GruntParser.java:205)
	at org.apache.pig.tools.grunt.Grunt.run(Grunt.java:66)
	at org.apache.pig.Main.run(Main.java:564)
	at org.apache.pig.Main.main(Main.java:175)
	at sun.reflect.NativeMethodAccessorImpl.invoke0(Native Method)
	at sun.reflect.NativeMethodAccessorImpl.invoke(NativeMethodAccessorImpl.java:62)
	at sun.reflect.DelegatingMethodAccessorImpl.invoke(DelegatingMethodAccessorImpl.java:43)
	at java.lang.reflect.Method.invoke(Method.java:498)
	at org.apache.hadoop.util.RunJar.run(RunJar.java:323)
	at org.apache.hadoop.util.RunJar.main(RunJar.java:236)
Caused by: org.apache.pig.tools.parameters.ParameterSubstitutionException: Undefined parameter : OUTPUT
	at org.apache.pig.tools.parameters.PreprocessorContext.substitute(PreprocessorContext.java:377)
	at org.apache.pig.tools.parameters.PreprocessorContext.substitute(PreprocessorContext.java:325)
	at org.apache.pig.tools.parameters.PigFileParser.input(PigFileParser.java:81)
	at org.apache.pig.tools.parameters.PigFileParser.Parse(PigFileParser.java:43)
	at org.apache.pig.tools.parameters.ParameterSubstitutionPreprocessor.parsePigFile(ParameterSubstitutionPreprocessor.java:95)
	at org.apache.pig.tools.parameters.ParameterSubstitutionPreprocessor.genSubstitutedFile(ParameterSubstitutionPreprocessor.java:76)
	at org.apache.pig.impl.PigContext.doParamSubstitution(PigContext.java:409)
	... 14 more
================================================================================
Pig Stack Trace
---------------
ERROR 2997: Encountered IOException. org.apache.pig.tools.parameters.ParameterSubstitutionException: Undefined parameter : OUTPUT

java.io.IOException: org.apache.pig.tools.parameters.ParameterSubstitutionException: Undefined parameter : OUTPUT
	at org.apache.pig.impl.PigContext.doParamSubstitution(PigContext.java:413)
	at org.apache.pig.tools.grunt.GruntParser.parameterSubstitutionInGrunt(GruntParser.java:1335)
	at org.apache.pig.tools.grunt.GruntParser.processPig(GruntParser.java:1101)
	at org.apache.pig.tools.pigscript.parser.PigScriptParser.parse(PigScriptParser.java:512)
	at org.apache.pig.tools.grunt.GruntParser.parseStopOnError(GruntParser.java:230)
	at org.apache.pig.tools.grunt.GruntParser.parseStopOnError(GruntParser.java:205)
	at org.apache.pig.tools.grunt.Grunt.run(Grunt.java:66)
	at org.apache.pig.Main.run(Main.java:564)
	at org.apache.pig.Main.main(Main.java:175)
	at sun.reflect.NativeMethodAccessorImpl.invoke0(Native Method)
	at sun.reflect.NativeMethodAccessorImpl.invoke(NativeMethodAccessorImpl.java:62)
	at sun.reflect.DelegatingMethodAccessorImpl.invoke(DelegatingMethodAccessorImpl.java:43)
	at java.lang.reflect.Method.invoke(Method.java:498)
	at org.apache.hadoop.util.RunJar.run(RunJar.java:323)
	at org.apache.hadoop.util.RunJar.main(RunJar.java:236)
Caused by: org.apache.pig.tools.parameters.ParameterSubstitutionException: Undefined parameter : OUTPUT
	at org.apache.pig.tools.parameters.PreprocessorContext.substitute(PreprocessorContext.java:377)
	at org.apache.pig.tools.parameters.PreprocessorContext.substitute(PreprocessorContext.java:325)
	at org.apache.pig.tools.parameters.PigFileParser.input(PigFileParser.java:81)
	at org.apache.pig.tools.parameters.PigFileParser.Parse(PigFileParser.java:43)
	at org.apache.pig.tools.parameters.ParameterSubstitutionPreprocessor.parsePigFile(ParameterSubstitutionPreprocessor.java:95)
	at org.apache.pig.tools.parameters.ParameterSubstitutionPreprocessor.genSubstitutedFile(ParameterSubstitutionPreprocessor.java:76)
	at org.apache.pig.impl.PigContext.doParamSubstitution(PigContext.java:409)
	... 14 more
================================================================================
Pig Stack Trace
---------------
ERROR 1200: Pig script failed to parse: <line 4, column 6> Undefined alias: count

Failed to parse: Pig script failed to parse: <line 4, column 6> Undefined alias: count
	at org.apache.pig.parser.QueryParserDriver.parse(QueryParserDriver.java:199)
	at org.apache.pig.PigServer$Graph.validateQuery(PigServer.java:1792)
	at org.apache.pig.PigServer$Graph.registerQuery(PigServer.java:1765)
	at org.apache.pig.PigServer.registerQuery(PigServer.java:708)
	at org.apache.pig.tools.grunt.GruntParser.processPig(GruntParser.java:1110)
	at org.apache.pig.tools.pigscript.parser.PigScriptParser.parse(PigScriptParser.java:512)
	at org.apache.pig.tools.grunt.GruntParser.parseStopOnError(GruntParser.java:230)
	at org.apache.pig.tools.grunt.GruntParser.parseStopOnError(GruntParser.java:205)
	at org.apache.pig.tools.grunt.Grunt.run(Grunt.java:66)
	at org.apache.pig.Main.run(Main.java:564)
	at org.apache.pig.Main.main(Main.java:175)
	at sun.reflect.NativeMethodAccessorImpl.invoke0(Native Method)
	at sun.reflect.NativeMethodAccessorImpl.invoke(NativeMethodAccessorImpl.java:62)
	at sun.reflect.DelegatingMethodAccessorImpl.invoke(DelegatingMethodAccessorImpl.java:43)
	at java.lang.reflect.Method.invoke(Method.java:498)
	at org.apache.hadoop.util.RunJar.run(RunJar.java:323)
	at org.apache.hadoop.util.RunJar.main(RunJar.java:236)
Caused by: <line 4, column 6> Undefined alias: count
	at org.apache.pig.parser.AstValidator.validateAliasRef(AstValidator.java:278)
	at org.apache.pig.parser.AstValidator.rel(AstValidator.java:6557)
	at org.apache.pig.parser.AstValidator.store_clause(AstValidator.java:7031)
	at org.apache.pig.parser.AstValidator.op_clause(AstValidator.java:1663)
	at org.apache.pig.parser.AstValidator.general_statement(AstValidator.java:1035)
	at org.apache.pig.parser.AstValidator.statement(AstValidator.java:499)
	at org.apache.pig.parser.AstValidator.query(AstValidator.java:373)
	at org.apache.pig.parser.QueryParserDriver.validateAst(QueryParserDriver.java:258)
	at org.apache.pig.parser.QueryParserDriver.parse(QueryParserDriver.java:186)
	... 16 more
================================================================================
